Arguments: 
  /usr/local/bin/node /usr/share/yarn/bin/yarn.js add react-native-elements

PATH: 
  /home/nahida/gems/bin:/usr/local/sbin:/usr/local/bin:/usr/sbin:/usr/bin:/sbin:/bin:/usr/games:/usr/local/games:/snap/bin

Yarn version: 
  1.12.3

Node version: 
  10.12.0

Platform: 
  linux x64

Trace: 
  Error: EACCES: permission denied, mkdir '/home/nahida/Documents/Year2/WebApps/webapps-frontend/rolodex/node_modules/@types/prop-types'

npm manifest: 
  {
    "main": "node_modules/expo/AppEntry.js",
    "scripts": {
      "start": "expo start",
      "android": "expo start --android",
      "ios": "expo start --ios",
      "eject": "expo eject"
    },
    "dependencies": {
      "expo": "^32.0.0",
      "formik": "^1.5.7",
      "react": "16.5.0",
      "react-native": "https://github.com/expo/react-native/archive/sdk-32.0.0.tar.gz",
      "react-native-elements": "^1.1.0",
      "react-navigation": "^3.11.0"
    },
    "devDependencies": {
      "@types/react": "^16.8.18",
      "babel-preset-expo": "^5.0.0"
    },
    "private": true
  }

yarn manifest: 
  No manifest

Lockfile: 
  No lockfile
